<?xml version="1.0" encoding="UTF-8"?>
<!-- Generated by org.testng.reporters.JUnitReportReporter -->
<testsuite skipped="0" hostname="LAPTOP-8JIPCVPD" name="SerachFilterTest" tests="1" failures="0" timestamp="11 Oct 2018 16:51:26 GMT" time="32.393" errors="0">
  <testcase name="testSearch_TC_04" time="32.393" classname="SerachFilterTest"/>
</testsuite> <!-- SerachFilterTest -->
