<?xml version="1.0" encoding="UTF-8"?>
<!-- Generated by org.testng.reporters.JUnitReportReporter -->
<testsuite skipped="0" hostname="LAPTOP-8JIPCVPD" name="CopySalespagetest" tests="1" failures="0" timestamp="11 Oct 2018 17:56:29 GMT" time="17.747" errors="0">
  <testcase name="testCopyPage_TC_05" time="17.747" classname="CopySalespagetest"/>
</testsuite> <!-- CopySalespagetest -->
