<?xml version="1.0" encoding="UTF-8"?>
<!-- Generated by org.testng.reporters.JUnitReportReporter -->
<testsuite skipped="0" hostname="LAPTOP-8JIPCVPD" name="EditSalesPageTest" tests="1" failures="0" timestamp="11 Oct 2018 17:53:49 GMT" time="30.432" errors="0">
  <testcase name="testEditPage_TC_03" time="30.432" classname="EditSalesPageTest"/>
</testsuite> <!-- EditSalesPageTest -->
