<?xml version="1.0" encoding="UTF-8"?>
<!-- Generated by org.testng.reporters.JUnitReportReporter -->
<testsuite skipped="0" hostname="LAPTOP-8JIPCVPD" name="AddSalesPageTest" tests="1" failures="0" timestamp="11 Oct 2018 17:06:16 GMT" time="22.117" errors="0">
  <testcase name="testAddPage_TC_02" time="22.117" classname="AddSalesPageTest"/>
</testsuite> <!-- AddSalesPageTest -->
