<?xml version="1.0" encoding="UTF-8"?>
<!-- Generated by org.testng.reporters.JUnitReportReporter -->
<testsuite skipped="0" hostname="LAPTOP-8JIPCVPD" name="WebTest" tests="1" failures="0" timestamp="09 Oct 2018 17:55:56 GMT" time="0.067" errors="0">
  <testcase name="testMozilla" time="0.067" classname="WebTest"/>
</testsuite> <!-- WebTest -->
