<?xml version="1.0" encoding="UTF-8"?>
<!-- Generated by org.testng.reporters.JUnitReportReporter -->
<testsuite skipped="0" hostname="LAPTOP-8JIPCVPD" name="ShipmentCheckJunit" tests="3" failures="0" timestamp="24 Sep 2018 19:23:15 GMT" time="0.233" errors="0">
  <testcase name="testInsertShipmentDetails" time="0.001" classname="ShipmentCheckJunit"/>
  <testcase name="testDeleteShipmentDetails" time="0.231" classname="ShipmentCheckJunit"/>
  <testcase name="testFilterShipmentById" time="0.001" classname="ShipmentCheckJunit"/>
</testsuite> <!-- ShipmentCheckJunit -->
