<?xml version="1.0" encoding="UTF-8"?>
<!-- Generated by org.testng.reporters.JUnitReportReporter -->
<testsuite skipped="0" hostname="LAPTOP-8JIPCVPD" name="WebTest" tests="1" failures="0" timestamp="26 Sep 2018 18:25:11 GMT" time="6.486" errors="0">
  <testcase name="testMozilla" time="6.486" classname="WebTest"/>
</testsuite> <!-- WebTest -->
