<?xml version="1.0" encoding="UTF-8"?>
<!-- Generated by org.testng.reporters.JUnitReportReporter -->
<testsuite skipped="0" hostname="LAPTOP-8JIPCVPD" name="WebTest" tests="1" failures="0" timestamp="08 Oct 2018 18:31:20 GMT" time="1.193" errors="0">
  <testcase name="testMozilla" time="1.193" classname="WebTest"/>
</testsuite> <!-- WebTest -->
